[debug] [2021-05-20T07:54:26.188Z] ----------------------------------------------------------------------
[debug] [2021-05-20T07:54:26.189Z] Command:       C:\Program Files\nodejs\node.exe C:\Users\Abhishek.LAPTOP-Q8SF4P6B\AppData\Roaming\npm\node_modules\firebase-tools\lib\bin\firebase.js init hosting
[debug] [2021-05-20T07:54:26.190Z] CLI Version:   9.10.0
[debug] [2021-05-20T07:54:26.190Z] Platform:      win32
[debug] [2021-05-20T07:54:26.190Z] Node Version:  v14.16.0
[debug] [2021-05-20T07:54:26.190Z] Time:          Thu May 20 2021 13:24:26 GMT+0530 (India Standard Time)
[debug] [2021-05-20T07:54:26.190Z] ----------------------------------------------------------------------
[debug] 
[debug] [2021-05-20T07:54:26.196Z] > command requires scopes: ["email","openid","https://www.googleapis.com/auth/cloudplatformprojects.readonly","https://www.googleapis.com/auth/firebase","https://www.googleapis.com/auth/cloud-platform"]
[debug] [2021-05-20T07:54:26.196Z] > authorizing via signed-in user (a.a.mandilkar@gmail.com)
[info] 
     ######## #### ########  ######## ########     ###     ######  ########
     ##        ##  ##     ## ##       ##     ##  ##   ##  ##       ##
     ######    ##  ########  ######   ########  #########  ######  ######
     ##        ##  ##    ##  ##       ##     ## ##     ##       ## ##
     ##       #### ##     ## ######## ########  ##     ##  ######  ########

You're about to initialize a Firebase project in this directory:

  E:\Web Development\whatsapp-clone

[info] 
=== Project Setup
[info] 
[info] First, let's associate this project directory with a Firebase project.
[info] You can create multiple project aliases by running firebase use --add, 
[info] but for now we'll just set up a default project.
[info] 
[debug] [2021-05-20T07:54:34.626Z] >>> [apiv2][query] GET https://firebase.googleapis.com/v1beta1/projects pageSize=100
[debug] [2021-05-20T07:54:35.471Z] <<< [apiv2][status] GET https://firebase.googleapis.com/v1beta1/projects 200
[debug] [2021-05-20T07:54:35.472Z] <<< [apiv2][body] GET https://firebase.googleapis.com/v1beta1/projects [omitted]
[info] i  Using project whatsapp-build-a1c1a (whatsapp-build) 
[info] 
=== Hosting Setup
[info] 
[info] Your public directory is the folder (relative to your project directory) that
[info] will contain Hosting assets to be uploaded with firebase deploy. If you
[info] have a build process for your assets, use your build's output directory.
[info] 
[debug] [2021-05-20T07:54:50.148Z] >>> [apiv2][query] GET https://www.gstatic.com/firebasejs/releases.json [none]
[debug] [2021-05-20T07:54:50.297Z] <<< [apiv2][status] GET https://www.gstatic.com/firebasejs/releases.json 200
[debug] [2021-05-20T07:54:50.298Z] <<< [apiv2][body] GET https://www.gstatic.com/firebasejs/releases.json {"current":{"version":"8.6.1","browserURL":"https://www.gstatic.com/firebasejs/8.6.1/firebase.js","packageURL":"https://www.gstatic.com/firebasejs/8.6.1/firebase.tgz"},"live":{"version":"8.6","browserURL":"https://www.gstatic.com/firebasejs/live/8.6/firebase.js","packageURL":"https://www.gstatic.com/firebasejs/live/8.6/firebase.tgz"},"components":{"analytics":"https://www.gstatic.com/firebasejs/8.6.1/firebase-analytics.js","app":"https://www.gstatic.com/firebasejs/8.6.1/firebase-app.js","app-check":"https://www.gstatic.com/firebasejs/8.6.1/firebase-app-check.js","auth":"https://www.gstatic.com/firebasejs/8.6.1/firebase-auth.js","database":"https://www.gstatic.com/firebasejs/8.6.1/firebase-database.js","firestore":"https://www.gstatic.com/firebasejs/8.6.1/firebase-firestore.js","functions":"https://www.gstatic.com/firebasejs/8.6.1/firebase-functions.js","installations":"https://www.gstatic.com/firebasejs/8.6.1/firebase-installations.js","messaging":"https://www.gstatic.com/firebasejs/8.6.1/firebase-messaging.js","storage":"https://www.gstatic.com/firebasejs/8.6.1/firebase-storage.js","performance":"https://www.gstatic.com/firebasejs/8.6.1/firebase-performance.js","remote-config":"https://www.gstatic.com/firebasejs/8.6.1/firebase-remote-config.js","firestore.memory":"https://www.gstatic.com/firebasejs/8.6.1/firebase-firestore.memory.js"}}
[info] +  Wrote public/index.html 
[info] 
[info] i  Detected a .git folder at E:\Web Development\whatsapp-clone 
[info] i  Authorizing with GitHub to upload your service account to a GitHub repository's secrets store. 
[info] 
[info] Visit this URL on this device to log in:
[info] https://github.com/login/oauth/authorize?client_id=89cf50f02ac6aaed3484&state=445716245&redirect_uri=http%3A%2F%2Flocalhost%3A9005&scope=read%3Auser%20repo%20public_repo
[info] 
[info] Waiting for authentication...
[debug] [2021-05-20T07:55:01.429Z] >>> HTTP REQUEST POST https://github.com/login/oauth/access_token  
 {"client_id":"89cf50f02ac6aaed3484","client_secret":"3330d14abc895d9a74d5f17cd7a00711fa2c5bf0","code":"de0724972d9dac042d87","redirect_uri":"http://localhost:9005","state":"445716245"}
[debug] [2021-05-20T07:55:01.990Z] <<< HTTP RESPONSE 200 {"server":"GitHub.com","date":"Thu, 20 May 2021 07:55:02 GMT","content-type":"application/json; charset=utf-8","transfer-encoding":"chunked","vary":"X-PJAX, Accept-Encoding, Accept, X-Requested-With","permissions-policy":"interest-cohort=()","etag":"W/\"086a383b6d6caf530aeb9a87bc7a02d6\"","cache-control":"max-age=0, private, must-revalidate","strict-transport-security":"max-age=31536000; includeSubdomains; preload","x-frame-options":"deny","x-content-type-options":"nosniff","x-xss-protection":"0","referrer-policy":"origin-when-cross-origin, strict-origin-when-cross-origin","expect-ct":"max-age=2592000, report-uri=\"https://api.github.com/_private/browser/errors\"","content-security-policy":"default-src 'none'; base-uri 'self'; block-all-mixed-content; connect-src 'self' uploads.github.com www.githubstatus.com collector.githubapp.com api.github.com github-cloud.s3.amazonaws.com github-production-repository-file-5c1aeb.s3.amazonaws.com github-production-upload-manifest-file-7fdce7.s3.amazonaws.com github-production-user-asset-6210df.s3.amazonaws.com cdn.optimizely.com logx.optimizely.com/v1/events wss://alive.github.com; font-src github.githubassets.com; form-action 'self' github.com gist.github.com; frame-ancestors 'none'; frame-src render.githubusercontent.com; img-src 'self' data: github.githubassets.com identicons.github.com collector.githubapp.com github-cloud.s3.amazonaws.com secured-user-images.githubusercontent.com/ *.githubusercontent.com; manifest-src 'self'; media-src 'none'; script-src github.githubassets.com; style-src 'unsafe-inline' github.githubassets.com; worker-src github.com/socket-worker-3f088aa2.js gist.github.com/socket-worker-3f088aa2.js","x-github-request-id":"D71F:5BE2:185E64:1A921C:60A615D5"}
[debug] [2021-05-20T07:55:01.994Z] >>> [apiv2][query] GET https://api.github.com/user [none]
[debug] [2021-05-20T07:55:02.342Z] <<< [apiv2][status] GET https://api.github.com/user 200
[debug] [2021-05-20T07:55:02.342Z] <<< [apiv2][body] GET https://api.github.com/user {"login":"AbhishekMandilkar","id":66326016,"node_id":"MDQ6VXNlcjY2MzI2MDE2","avatar_url":"https://avatars.githubusercontent.com/u/66326016?v=4","gravatar_id":"","url":"https://api.github.com/users/AbhishekMandilkar","html_url":"https://github.com/AbhishekMandilkar","followers_url":"https://api.github.com/users/AbhishekMandilkar/followers","following_url":"https://api.github.com/users/AbhishekMandilkar/following{/other_user}","gists_url":"https://api.github.com/users/AbhishekMandilkar/gists{/gist_id}","starred_url":"https://api.github.com/users/AbhishekMandilkar/starred{/owner}{/repo}","subscriptions_url":"https://api.github.com/users/AbhishekMandilkar/subscriptions","organizations_url":"https://api.github.com/users/AbhishekMandilkar/orgs","repos_url":"https://api.github.com/users/AbhishekMandilkar/repos","events_url":"https://api.github.com/users/AbhishekMandilkar/events{/privacy}","received_events_url":"https://api.github.com/users/AbhishekMandilkar/received_events","type":"User","site_admin":false,"name":null,"company":null,"blog":"","location":null,"email":null,"hireable":null,"bio":null,"twitter_username":null,"public_repos":12,"public_gists":0,"followers":0,"following":0,"created_at":"2020-06-02T17:00:19Z","updated_at":"2021-05-20T07:55:01Z","private_gists":0,"total_private_repos":0,"owned_private_repos":0,"disk_usage":18610,"collaborators":0,"two_factor_authentication":false,"plan":{"name":"pro","space":976562499,"collaborators":0,"private_repos":9999}}
[info] 
[info] +  Success! Logged into GitHub as AbhishekMandilkar 
[info] 
[debug] [2021-05-20T07:55:50.478Z] >>> [apiv2][query] GET https://api.github.com/repos/AbhishekMandilkar/whatsapp-react-clone/actions/secrets/public-key type=owner
[debug] [2021-05-20T07:55:50.762Z] <<< [apiv2][status] GET https://api.github.com/repos/AbhishekMandilkar/whatsapp-react-clone/actions/secrets/public-key 200
[debug] [2021-05-20T07:55:50.762Z] <<< [apiv2][body] GET https://api.github.com/repos/AbhishekMandilkar/whatsapp-react-clone/actions/secrets/public-key {"key_id":"568250167242549743","key":"wRHbrbDY25x3aRczMBkjxr9Dvn0+vS0An/vY6V7MiRA="}
[debug] [2021-05-20T07:55:50.764Z] >>> [apiv2][query] GET https://api.github.com/repos/AbhishekMandilkar/whatsapp-react-clone [none]
[debug] [2021-05-20T07:55:51.061Z] <<< [apiv2][status] GET https://api.github.com/repos/AbhishekMandilkar/whatsapp-react-clone 200
[debug] [2021-05-20T07:55:51.061Z] <<< [apiv2][body] GET https://api.github.com/repos/AbhishekMandilkar/whatsapp-react-clone {"id":359468193,"node_id":"MDEwOlJlcG9zaXRvcnkzNTk0NjgxOTM=","name":"whatsapp-react-clone","full_name":"AbhishekMandilkar/whatsapp-react-clone","private":false,"owner":{"login":"AbhishekMandilkar","id":66326016,"node_id":"MDQ6VXNlcjY2MzI2MDE2","avatar_url":"https://avatars.githubusercontent.com/u/66326016?v=4","gravatar_id":"","url":"https://api.github.com/users/AbhishekMandilkar","html_url":"https://github.com/AbhishekMandilkar","followers_url":"https://api.github.com/users/AbhishekMandilkar/followers","following_url":"https://api.github.com/users/AbhishekMandilkar/following{/other_user}","gists_url":"https://api.github.com/users/AbhishekMandilkar/gists{/gist_id}","starred_url":"https://api.github.com/users/AbhishekMandilkar/starred{/owner}{/repo}","subscriptions_url":"https://api.github.com/users/AbhishekMandilkar/subscriptions","organizations_url":"https://api.github.com/users/AbhishekMandilkar/orgs","repos_url":"https://api.github.com/users/AbhishekMandilkar/repos","events_url":"https://api.github.com/users/AbhishekMandilkar/events{/privacy}","received_events_url":"https://api.github.com/users/AbhishekMandilkar/received_events","type":"User","site_admin":false},"html_url":"https://github.com/AbhishekMandilkar/whatsapp-react-clone","description":null,"fork":false,"url":"https://api.github.com/repos/AbhishekMandilkar/whatsapp-react-clone","forks_url":"https://api.github.com/repos/AbhishekMandilkar/whatsapp-react-clone/forks","keys_url":"https://api.github.com/repos/AbhishekMandilkar/whatsapp-react-clone/keys{/key_id}","collaborators_url":"https://api.github.com/repos/AbhishekMandilkar/whatsapp-react-clone/collaborators{/collaborator}","teams_url":"https://api.github.com/repos/AbhishekMandilkar/whatsapp-react-clone/teams","hooks_url":"https://api.github.com/repos/AbhishekMandilkar/whatsapp-react-clone/hooks","issue_events_url":"https://api.github.com/repos/AbhishekMandilkar/whatsapp-react-clone/issues/events{/number}","events_url":"https://api.github.com/repos/AbhishekMandilkar/whatsapp-react-clone/events","assignees_url":"https://api.github.com/repos/AbhishekMandilkar/whatsapp-react-clone/assignees{/user}","branches_url":"https://api.github.com/repos/AbhishekMandilkar/whatsapp-react-clone/branches{/branch}","tags_url":"https://api.github.com/repos/AbhishekMandilkar/whatsapp-react-clone/tags","blobs_url":"https://api.github.com/repos/AbhishekMandilkar/whatsapp-react-clone/git/blobs{/sha}","git_tags_url":"https://api.github.com/repos/AbhishekMandilkar/whatsapp-react-clone/git/tags{/sha}","git_refs_url":"https://api.github.com/repos/AbhishekMandilkar/whatsapp-react-clone/git/refs{/sha}","trees_url":"https://api.github.com/repos/AbhishekMandilkar/whatsapp-react-clone/git/trees{/sha}","statuses_url":"https://api.github.com/repos/AbhishekMandilkar/whatsapp-react-clone/statuses/{sha}","languages_url":"https://api.github.com/repos/AbhishekMandilkar/whatsapp-react-clone/languages","stargazers_url":"https://api.github.com/repos/AbhishekMandilkar/whatsapp-react-clone/stargazers","contributors_url":"https://api.github.com/repos/AbhishekMandilkar/whatsapp-react-clone/contributors","subscribers_url":"https://api.github.com/repos/AbhishekMandilkar/whatsapp-react-clone/subscribers","subscription_url":"https://api.github.com/repos/AbhishekMandilkar/whatsapp-react-clone/subscription","commits_url":"https://api.github.com/repos/AbhishekMandilkar/whatsapp-react-clone/commits{/sha}","git_commits_url":"https://api.github.com/repos/AbhishekMandilkar/whatsapp-react-clone/git/commits{/sha}","comments_url":"https://api.github.com/repos/AbhishekMandilkar/whatsapp-react-clone/comments{/number}","issue_comment_url":"https://api.github.com/repos/AbhishekMandilkar/whatsapp-react-clone/issues/comments{/number}","contents_url":"https://api.github.com/repos/AbhishekMandilkar/whatsapp-react-clone/contents/{+path}","compare_url":"https://api.github.com/repos/AbhishekMandilkar/whatsapp-react-clone/compare/{base}...{head}","merges_url":"https://api.github.com/repos/AbhishekMandilkar/whatsapp-react-clone/merges","archive_url":"https://api.github.com/repos/AbhishekMandilkar/whatsapp-react-clone/{archive_format}{/ref}","downloads_url":"https://api.github.com/repos/AbhishekMandilkar/whatsapp-react-clone/downloads","issues_url":"https://api.github.com/repos/AbhishekMandilkar/whatsapp-react-clone/issues{/number}","pulls_url":"https://api.github.com/repos/AbhishekMandilkar/whatsapp-react-clone/pulls{/number}","milestones_url":"https://api.github.com/repos/AbhishekMandilkar/whatsapp-react-clone/milestones{/number}","notifications_url":"https://api.github.com/repos/AbhishekMandilkar/whatsapp-react-clone/notifications{?since,all,participating}","labels_url":"https://api.github.com/repos/AbhishekMandilkar/whatsapp-react-clone/labels{/name}","releases_url":"https://api.github.com/repos/AbhishekMandilkar/whatsapp-react-clone/releases{/id}","deployments_url":"https://api.github.com/repos/AbhishekMandilkar/whatsapp-react-clone/deployments","created_at":"2021-04-19T13:23:26Z","updated_at":"2021-04-19T13:26:04Z","pushed_at":"2021-04-19T13:25:48Z","git_url":"git://github.com/AbhishekMandilkar/whatsapp-react-clone.git","ssh_url":"git@github.com:AbhishekMandilkar/whatsapp-react-clone.git","clone_url":"https://github.com/AbhishekMandilkar/whatsapp-react-clone.git","svn_url":"https://github.com/AbhishekMandilkar/whatsapp-react-clone","homepage":null,"size":207,"stargazers_count":0,"watchers_count":0,"language":"JavaScript","has_issues":true,"has_projects":true,"has_downloads":true,"has_wiki":true,"has_pages":false,"forks_count":0,"mirror_url":null,"archived":false,"disabled":false,"open_issues_count":0,"license":null,"forks":0,"open_issues":0,"watchers":0,"default_branch":"main","permissions":{"admin":true,"push":true,"pull":true},"temp_clone_token":"","allow_squash_merge":true,"allow_merge_commit":true,"allow_rebase_merge":true,"delete_branch_on_merge":false,"network_count":0,"subscribers_count":1}
[debug] [2021-05-20T07:55:51.063Z] > refreshing access token with scopes: ["email","https://www.googleapis.com/auth/cloud-platform","https://www.googleapis.com/auth/cloudplatformprojects.readonly","https://www.googleapis.com/auth/firebase","openid"]
[debug] [2021-05-20T07:55:51.063Z] >>> HTTP REQUEST POST https://www.googleapis.com/oauth2/v3/token  
 <request body omitted>
[debug] [2021-05-20T07:55:51.951Z] <<< HTTP RESPONSE 200 {"expires":"Mon, 01 Jan 1990 00:00:00 GMT","date":"Thu, 20 May 2021 07:55:52 GMT","pragma":"no-cache","cache-control":"no-cache, no-store, max-age=0, must-revalidate","content-type":"application/json; charset=utf-8","vary":"X-Origin, Referer, Origin,Accept-Encoding","server":"scaffolding on HTTPServer2","x-xss-protection":"0","x-frame-options":"SAMEORIGIN","x-content-type-options":"nosniff","alt-svc":"h3-29=\":443\"; ma=2592000,h3-T051=\":443\"; ma=2592000,h3-Q050=\":443\"; ma=2592000,h3-Q046=\":443\"; ma=2592000,h3-Q043=\":443\"; ma=2592000,quic=\":443\"; ma=2592000; v=\"46,43\"","accept-ranges":"none","transfer-encoding":"chunked"}
[debug] [2021-05-20T07:55:51.960Z] >>> HTTP REQUEST POST https://iam.googleapis.com/v1/projects/whatsapp-build-a1c1a/serviceAccounts  
 {"accountId":"github-action-359468193","serviceAccount":{"displayName":"GitHub Actions (AbhishekMandilkar/whatsapp-react-clone)","description":"A service account with permission to deploy to Firebase Hosting for the GitHub repository AbhishekMandilkar/whatsapp-react-clone"}}
[debug] [2021-05-20T07:55:53.966Z] <<< HTTP RESPONSE 200 {"content-type":"application/json; charset=UTF-8","vary":"X-Origin, Referer, Origin,Accept-Encoding","date":"Thu, 20 May 2021 07:55:54 GMT","server":"ESF","cache-control":"private","x-xss-protection":"0","x-frame-options":"SAMEORIGIN","x-content-type-options":"nosniff","alt-svc":"h3-29=\":443\"; ma=2592000,h3-T051=\":443\"; ma=2592000,h3-Q050=\":443\"; ma=2592000,h3-Q046=\":443\"; ma=2592000,h3-Q043=\":443\"; ma=2592000,quic=\":443\"; ma=2592000; v=\"46,43\"","accept-ranges":"none","transfer-encoding":"chunked"}
[debug] [2021-05-20T07:55:53.966Z] >>> HTTP REQUEST GET https://iam.googleapis.com/v1/projects/whatsapp-build-a1c1a/serviceAccounts/github-action-359468193@whatsapp-build-a1c1a.iam.gserviceaccount.com  
 
[debug] [2021-05-20T07:55:53.966Z] >>> HTTP REQUEST POST https://cloudresourcemanager.googleapis.com/v1/projects/whatsapp-build-a1c1a:getIamPolicy  
 
